#
# There is insufficient memory for the Java Runtime Environment to continue.
# Native memory allocation (mmap) failed to map 62914560 bytes for G1 virtual space
# Possible reasons:
#   The system is out of physical RAM or swap space
#   The process is running with CompressedOops enabled, and the Java Heap may be blocking the growth of the native heap
# Possible solutions:
#   Reduce memory load on the system
#   Increase physical memory or swap space
#   Check if swap backing store is full
#   Decrease Java heap size (-Xmx/-Xms)
#   Decrease number of Java threads
#   Decrease Java thread stack sizes (-Xss)
#   Set larger code cache with -XX:ReservedCodeCacheSize=
#   JVM is running with Unscaled Compressed Oops mode in which the Java heap is
#     placed in the first 4GB address space. The Java Heap base address is the
#     maximum limit for the native heap growth. Please use -XX:HeapBaseMinAddress
#     to set the Java Heap base and to place the Java Heap above 4GB virtual address.
# This output file may be truncated or incomplete.
#
#  Out of Memory Error (os_windows.cpp:3825), pid=4668, tid=240
#
# JRE version:  (17.0.10) (build )
# Java VM: OpenJDK 64-Bit Server VM (17.0.10+0--11572160, mixed mode, sharing, tiered, compressed oops, compressed class ptrs, g1 gc, windows-amd64)
# No core dump will be written. Minidumps are not enabled by default on client versions of Windows
#

---------------  S U M M A R Y ------------

Command Line: git4idea.http.GitAskPassApp Username for 'https://github.com': 

Host: Intel(R) Celeron(R) CPU  N2940  @ 1.83GHz, 4 cores, 3G,  Windows 10 , 64 bit Build 19041 (10.0.19041.4597)
Time: Sun Oct 13 09:36:55 2024 W. Central Africa Standard Time elapsed time: 0.041642 seconds (0d 0h 0m 0s)

---------------  T H R E A D  ---------------

Current thread (0x000001eacd001580):  JavaThread "Unknown thread" [_thread_in_vm, id=240, stack(0x000000109bc00000,0x000000109bd00000)]

Stack: [0x000000109bc00000,0x000000109bd00000]
Native frames: (J=compiled Java code, j=interpreted, Vv=VM code, C=native code)
V  [jvm.dll+0x688e89]
V  [jvm.dll+0x84247a]
V  [jvm.dll+0x8440be]
V  [jvm.dll+0x844723]
V  [jvm.dll+0x24be0f]
V  [jvm.dll+0x685c59]
V  [jvm.dll+0x67a50a]
V  [jvm.dll+0x30cbab]
V  [jvm.dll+0x314056]
V  [jvm.dll+0x363dce]
V  [jvm.dll+0x363fff]
V  [jvm.dll+0x2e2978]
V  [jvm.dll+0x2e38e4]
V  [jvm.dll+0x813011]
V  [jvm.dll+0x371c81]
V  [jvm.dll+0x7f1b66]
V  [jvm.dll+0x3f58df]
V  [jvm.dll+0x3f7511]
C  [jli.dll+0x528f]
C  [ucrtbase.dll+0x21bb2]
C  [KERNEL32.DLL+0x17374]
C  [ntdll.dll+0x4cc91]


---------------  P R O C E S S  ---------------

Threads class SMR info:
_java_thread_list=0x00007fff7a62ef58, length=0, elements={
}

Java Threads: ( => current thread )

Other Threads:
  0x000001eacd038cf0 GCTaskThread "GC Thread#0" [stack: 0x000000109bd00000,0x000000109be00000] [id=8212]
  0x000001eacd042450 ConcurrentGCThread "G1 Main Marker" [stack: 0x000000109be00000,0x000000109bf00000] [id=4216]
  0x000001eacd043610 ConcurrentGCThread "G1 Conc#0" [stack: 0x000000109bf00000,0x000000109c000000] [id=5016]

[error occurred during error reporting (printing all threads), id 0xc0000005, EXCEPTION_ACCESS_VIOLATION (0xc0000005) at pc=0x00007fff79de3547]

VM state: not at safepoint (not fully initialized)

VM Mutex/Monitor currently owned by a thread:  ([mutex/lock_event])
[0x000001eaccffcd40] Heap_lock - owner thread: 0x000001eacd001580

Heap address: 0x00000000c4000000, size: 960 MB, Compressed Oops mode: 32-bit

CDS archive(s) mapped at: [0x0000000000000000-0x0000000000000000-0x0000000000000000), size 0, SharedBaseAddress: 0x0000000800000000, ArchiveRelocationMode: 1.
Narrow klass base: 0x0000000000000000, Narrow klass shift: 0, Narrow klass range: 0x0

GC Precious Log:
<Empty>

Heap:
 garbage-first heap   total 0K, used 0K [0x00000000c4000000, 0x0000000100000000)
  region size 1024K, 0 young (0K), 0 survivors (0K)
 Metaspace       used 0K, committed 0K, reserved 0K
  class space    used 0K, committed 0K, reserved 0K

Heap Regions: E=young(eden), S=young(survivor), O=old, HS=humongous(starts), HC=humongous(continues), CS=collection set, F=free, OA=open archive, CA=closed archive, TAMS=top-at-mark-start (previous, next)

Card table byte_map: [0x000001eae1510000,0x000001eae16f0000] _byte_map_base: 0x000001eae0ef0000

Marking Bits (Prev, Next): (CMBitMap*) 0x000001eacd039310, (CMBitMap*) 0x000001eacd039350
 Prev Bits: [0x000001eae18d0000, 0x000001eae27d0000)
 Next Bits: [0x000001eae27d0000, 0x000001eae36d0000)

GC Heap History (0 events):
No events

Dll operation events (1 events):
Event: 0.025 Loaded shared library C:\Program Files\Android\Android Studio\jbr\bin\java.dll

Deoptimization events (0 events):
No events

Classes unloaded (0 events):
No events

Classes redefined (0 events):
No events

Internal exceptions (0 events):
No events

VM Operations (0 events):
No events

Events (0 events):
No events


Dynamic libraries:
0x00007ff75efe0000 - 0x00007ff75efea000 	C:\Program Files\Android\Android Studio\jbr\bin\java.exe
0x00007fffab8f0000 - 0x00007fffabae8000 	C:\Windows\SYSTEM32\ntdll.dll
0x00007fffaa860000 - 0x00007fffaa921000 	C:\Windows\System32\KERNEL32.DLL
0x00007fffa9300000 - 0x00007fffa95f6000 	C:\Windows\System32\KERNELBASE.dll
0x00007fffa90f0000 - 0x00007fffa91f0000 	C:\Windows\System32\ucrtbase.dll
0x00007fff9fe60000 - 0x00007fff9fe77000 	C:\Program Files\Android\Android Studio\jbr\bin\jli.dll
0x00007fffa3a40000 - 0x00007fffa3a5b000 	C:\Program Files\Android\Android Studio\jbr\bin\VCRUNTIME140.dll
0x00007fffa9ad0000 - 0x00007fffa9c6f000 	C:\Windows\System32\USER32.dll
0x00007fff98df0000 - 0x00007fff9908a000 	C:\Windows\WinSxS\amd64_microsoft.windows.common-controls_6595b64144ccf1df_6.0.19041.4355_none_60b8b9eb71f62e16\COMCTL32.dll
0x00007fffa9670000 - 0x00007fffa9692000 	C:\Windows\System32\win32u.dll
0x00007fffaaf50000 - 0x00007fffaafee000 	C:\Windows\System32\msvcrt.dll
0x00007fffaaf20000 - 0x00007fffaaf4b000 	C:\Windows\System32\GDI32.dll
0x00007fffa9800000 - 0x00007fffa9917000 	C:\Windows\System32\gdi32full.dll
0x00007fffa8fa0000 - 0x00007fffa903d000 	C:\Windows\System32\msvcp_win.dll
0x00007fffaa7a0000 - 0x00007fffaa7cf000 	C:\Windows\System32\IMM32.DLL
0x00007fffa2ea0000 - 0x00007fffa2eac000 	C:\Program Files\Android\Android Studio\jbr\bin\vcruntime140_1.dll
0x00007fff97290000 - 0x00007fff9731d000 	C:\Program Files\Android\Android Studio\jbr\bin\msvcp140.dll
0x00007fff79af0000 - 0x00007fff7a773000 	C:\Program Files\Android\Android Studio\jbr\bin\server\jvm.dll
0x00007fffab3d0000 - 0x00007fffab480000 	C:\Windows\System32\ADVAPI32.dll
0x00007fffab050000 - 0x00007fffab0f0000 	C:\Windows\System32\sechost.dll
0x00007fffab480000 - 0x00007fffab5a3000 	C:\Windows\System32\RPCRT4.dll
0x00007fffa92d0000 - 0x00007fffa92f7000 	C:\Windows\System32\bcrypt.dll
0x00007fff95f70000 - 0x00007fff95f79000 	C:\Windows\SYSTEM32\WSOCK32.dll
0x00007fff97f20000 - 0x00007fff97f47000 	C:\Windows\SYSTEM32\WINMM.dll
0x00007fffa84e0000 - 0x00007fffa852b000 	C:\Windows\SYSTEM32\POWRPROF.dll
0x00007fff98d30000 - 0x00007fff98d3a000 	C:\Windows\SYSTEM32\VERSION.dll
0x00007fffab2e0000 - 0x00007fffab34b000 	C:\Windows\System32\WS2_32.dll
0x00007fffa8350000 - 0x00007fffa8362000 	C:\Windows\SYSTEM32\UMPDC.dll
0x00007fffa6d00000 - 0x00007fffa6d12000 	C:\Windows\SYSTEM32\kernel.appcore.dll
0x00007fffa3280000 - 0x00007fffa328a000 	C:\Program Files\Android\Android Studio\jbr\bin\jimage.dll
0x00007fffa5d70000 - 0x00007fffa5f54000 	C:\Windows\SYSTEM32\DBGHELP.DLL
0x00007fff920c0000 - 0x00007fff920f4000 	C:\Windows\SYSTEM32\dbgcore.DLL
0x00007fffa9240000 - 0x00007fffa92c2000 	C:\Windows\System32\bcryptPrimitives.dll
0x00007fffa20d0000 - 0x00007fffa20f5000 	C:\Program Files\Android\Android Studio\jbr\bin\java.dll

dbghelp: loaded successfully - version: 4.0.5 - missing functions: none
symbol engine: initialized successfully - sym options: 0x614 - pdb path: .;C:\Program Files\Android\Android Studio\jbr\bin;C:\Windows\SYSTEM32;C:\Windows\WinSxS\amd64_microsoft.windows.common-controls_6595b64144ccf1df_6.0.19041.4355_none_60b8b9eb71f62e16;C:\Program Files\Android\Android Studio\jbr\bin\server

VM Arguments:
java_command: git4idea.http.GitAskPassApp Username for 'https://github.com': 
java_class_path (initial): C:/Program Files/Android/Android Studio/plugins/vcs-git/lib/git4idea-rt.jar;C:/Program Files/Android/Android Studio/lib/externalProcess-rt.jar
Launcher Type: SUN_STANDARD

[Global flags]
     intx CICompilerCount                          = 3                                         {product} {ergonomic}
     uint ConcGCThreads                            = 1                                         {product} {ergonomic}
     uint G1ConcRefinementThreads                  = 4                                         {product} {ergonomic}
   size_t G1HeapRegionSize                         = 1048576                                   {product} {ergonomic}
    uintx GCDrainStackTargetSize                   = 64                                        {product} {ergonomic}
   size_t InitialHeapSize                          = 62914560                                  {product} {ergonomic}
   size_t MarkStackSize                            = 4194304                                   {product} {ergonomic}
   size_t MaxHeapSize                              = 1006632960                                {product} {ergonomic}
   size_t MinHeapDeltaBytes                        = 1048576                                   {product} {ergonomic}
   size_t MinHeapSize                              = 8388608                                   {product} {ergonomic}
    uintx NonNMethodCodeHeapSize                   = 5832780                                {pd product} {ergonomic}
    uintx NonProfiledCodeHeapSize                  = 122912730                              {pd product} {ergonomic}
    uintx ProfiledCodeHeapSize                     = 122912730                              {pd product} {ergonomic}
    uintx ReservedCodeCacheSize                    = 251658240                              {pd product} {ergonomic}
     bool SegmentedCodeCache                       = true                                      {product} {ergonomic}
   size_t SoftMaxHeapSize                          = 1006632960                             {manageable} {ergonomic}
     bool UseCompressedClassPointers               = true                           {product lp64_product} {ergonomic}
     bool UseCompressedOops                        = true                           {product lp64_product} {ergonomic}
     bool UseG1GC                                  = true                                      {product} {ergonomic}
     bool UseLargePagesIndividualAllocation        = false                                  {pd product} {ergonomic}

Logging:
Log output configuration:
 #0: stdout all=warning uptime,level,tags
 #1: stderr all=off uptime,level,tags

Environment Variables:
PATH=C:\Program Files\Git\mingw64\libexec\git-core;C:\Program Files\Git\mingw64\libexec\git-core;C:\Program Files\Git\mingw64\bin;C:\Program Files\Git\usr\bin;C:\Users\lacre\bin;C:\Program Files\Common Files\Oracle\Java\javapath;C:\Windows\system32;C:\Windows;C:\Windows\System32\Wbem;C:\Windows\System32\WindowsPowerShell\v1.0;C:\Windows\System32\OpenSSH;C:\Program Files\dotnet;C:\Program Files\Git\cmd;C:\Users\lacre\AppData\Local\Microsoft\WindowsApps;C:\Users\lacre\.dotnet\tools;C:\Program Files\JetBrains\IntelliJ IDEA Community Edition 2024.1.4\bin
USERNAME=lacre
DISPLAY=:0.0
LC_ALL=en_US.UTF-8
TERM=xterm-256color
TMPDIR=C:\Users\lacre\AppData\Local\Temp
OS=Windows_NT
PROCESSOR_IDENTIFIER=Intel64 Family 6 Model 55 Stepping 8, GenuineIntel
TMP=C:\Users\lacre\AppData\Local\Temp
TEMP=C:\Users\lacre\AppData\Local\Temp



Periodic native trim disabled

JNI global refs:
JNI global refs: 0, weak refs: 0

JNI global refs memory usage: 0, weak refs: 0

OOME stack traces (most recent first):
Classloader memory used:


---------------  S Y S T E M  ---------------

OS:
 Windows 10 , 64 bit Build 19041 (10.0.19041.4597)
OS uptime: 0 days 1:38 hours
Hyper-V role detected

CPU: total 4 (initial active 4) (4 cores per cpu, 1 threads per core) family 6 model 55 stepping 8 microcode 0x838, cx8, cmov, fxsr, mmx, 3dnowpref, sse, sse2, sse3, ssse3, sse4.1, sse4.2, popcnt, tsc, tscinvbit, erms, clmul, clflush, hv
Processor Information for all 4 processors :
  Max Mhz: 1827, Current Mhz: 1827, Mhz Limit: 1827

Memory: 4k page, system-wide physical 3838M (1181M free)
TotalPageFile size 7934M (AvailPageFile size 62M)
current process WorkingSet (physical memory assigned to process): 10M, peak: 10M
current process commit charge ("private bytes"): 51M, peak: 111M

vm_info: OpenJDK 64-Bit Server VM (17.0.10+0--11572160) for windows-amd64 JRE (17.0.10+0--11572160), built on Mar 13 2024 23:56:38 by "androidbuild" with MS VC++ 16.10 / 16.11 (VS2019)

END.
